<?xml version="1.0" encoding="UTF-8"?>
<coverage generated="1733143288122" clover="3.2.0">
  <project timestamp="1733143288122" name="All files">
    <metrics statements="77" coveredstatements="73" conditionals="30" coveredconditionals="23" methods="18" coveredmethods="18" elements="125" coveredelements="114" complexity="0" loc="77" ncloc="77" packages="1" files="9" classes="9"/>
    <file name="Button.tsx" path="C:\Users\muhre\OneDrive\Documents\CODE\stupen-fullstack-productzilla\task7-productzilla\src\components\Button.tsx">
      <metrics statements="3" coveredstatements="3" conditionals="1" coveredconditionals="1" methods="1" coveredmethods="1"/>
      <line num="9" count="2" type="stmt"/>
      <line num="14" count="14" type="stmt"/>
      <line num="24" count="2" type="stmt"/>
    </file>
    <file name="ContactForm.tsx" path="C:\Users\muhre\OneDrive\Documents\CODE\stupen-fullstack-productzilla\task7-productzilla\src\components\ContactForm.tsx">
      <metrics statements="31" coveredstatements="27" conditionals="12" coveredconditionals="5" methods="6" coveredmethods="6"/>
      <line num="1" count="1" type="stmt"/>
      <line num="2" count="1" type="stmt"/>
      <line num="3" count="1" type="stmt"/>
      <line num="4" count="1" type="stmt"/>
      <line num="5" count="1" type="stmt"/>
      <line num="17" count="1" type="stmt"/>
      <line num="18" count="11" type="stmt"/>
      <line num="24" count="11" type="stmt"/>
      <line num="26" count="11" type="stmt"/>
      <line num="29" count="6" type="stmt"/>
      <line num="30" count="6" type="stmt"/>
      <line num="31" count="6" type="stmt"/>
      <line num="34" count="11" type="stmt"/>
      <line num="35" count="2" type="stmt"/>
      <line num="36" count="2" type="cond" truecount="1" falsecount="1"/>
      <line num="37" count="0" type="stmt"/>
      <line num="38" count="2" type="cond" truecount="0" falsecount="1"/>
      <line num="39" count="0" type="stmt"/>
      <line num="42" count="2" type="cond" truecount="0" falsecount="1"/>
      <line num="43" count="0" type="stmt"/>
      <line num="46" count="2" type="cond" truecount="0" falsecount="1"/>
      <line num="47" count="0" type="stmt"/>
      <line num="50" count="2" type="stmt"/>
      <line num="51" count="2" type="stmt"/>
      <line num="54" count="11" type="stmt"/>
      <line num="55" count="2" type="stmt"/>
      <line num="56" count="2" type="cond" truecount="1" falsecount="0"/>
      <line num="57" count="2" type="stmt"/>
      <line num="58" count="2" type="stmt"/>
      <line num="62" count="11" type="stmt"/>
      <line num="117" count="1" type="stmt"/>
    </file>
    <file name="DarkModeToggle.tsx" path="C:\Users\muhre\OneDrive\Documents\CODE\stupen-fullstack-productzilla\task7-productzilla\src\components\DarkModeToggle.tsx">
      <metrics statements="12" coveredstatements="12" conditionals="4" coveredconditionals="4" methods="3" coveredmethods="3"/>
      <line num="1" count="2" type="stmt"/>
      <line num="2" count="2" type="stmt"/>
      <line num="4" count="2" type="stmt"/>
      <line num="5" count="9" type="stmt"/>
      <line num="7" count="9" type="stmt"/>
      <line num="8" count="8" type="cond" truecount="2" falsecount="0"/>
      <line num="9" count="2" type="stmt"/>
      <line num="11" count="6" type="stmt"/>
      <line num="15" count="9" type="stmt"/>
      <line num="16" count="3" type="stmt"/>
      <line num="19" count="9" type="stmt"/>
      <line num="26" count="2" type="stmt"/>
    </file>
    <file name="Footer.tsx" path="C:\Users\muhre\OneDrive\Documents\CODE\stupen-fullstack-productzilla\task7-productzilla\src\components\Footer.tsx">
      <metrics statements="6" coveredstatements="6" conditionals="0" coveredconditionals="0" methods="1" coveredmethods="1"/>
      <line num="1" count="1" type="stmt"/>
      <line num="3" count="1" type="stmt"/>
      <line num="5" count="1" type="stmt"/>
      <line num="6" count="1" type="stmt"/>
      <line num="8" count="1" type="stmt"/>
      <line num="44" count="1" type="stmt"/>
    </file>
    <file name="InputField.tsx" path="C:\Users\muhre\OneDrive\Documents\CODE\stupen-fullstack-productzilla\task7-productzilla\src\components\InputField.tsx">
      <metrics statements="3" coveredstatements="3" conditionals="4" coveredconditionals="4" methods="1" coveredmethods="1"/>
      <line num="13" count="2" type="stmt"/>
      <line num="22" count="25" type="stmt"/>
      <line num="51" count="2" type="stmt"/>
    </file>
    <file name="LinkSocialMedia.tsx" path="C:\Users\muhre\OneDrive\Documents\CODE\stupen-fullstack-productzilla\task7-productzilla\src\components\LinkSocialMedia.tsx">
      <metrics statements="4" coveredstatements="4" conditionals="0" coveredconditionals="0" methods="1" coveredmethods="1"/>
      <line num="1" count="2" type="stmt"/>
      <line num="7" count="2" type="stmt"/>
      <line num="11" count="5" type="stmt"/>
      <line num="24" count="2" type="stmt"/>
    </file>
    <file name="Navbar.tsx" path="C:\Users\muhre\OneDrive\Documents\CODE\stupen-fullstack-productzilla\task7-productzilla\src\components\Navbar.tsx">
      <metrics statements="9" coveredstatements="9" conditionals="4" coveredconditionals="4" methods="2" coveredmethods="2"/>
      <line num="1" count="1" type="stmt"/>
      <line num="2" count="1" type="stmt"/>
      <line num="3" count="1" type="stmt"/>
      <line num="5" count="1" type="stmt"/>
      <line num="6" count="3" type="stmt"/>
      <line num="8" count="3" type="stmt"/>
      <line num="9" count="1" type="stmt"/>
      <line num="12" count="3" type="stmt"/>
      <line num="94" count="1" type="stmt"/>
    </file>
    <file name="ProjectList.tsx" path="C:\Users\muhre\OneDrive\Documents\CODE\stupen-fullstack-productzilla\task7-productzilla\src\components\ProjectList.tsx">
      <metrics statements="6" coveredstatements="6" conditionals="0" coveredconditionals="0" methods="2" coveredmethods="2"/>
      <line num="1" count="1" type="stmt"/>
      <line num="2" count="1" type="stmt"/>
      <line num="13" count="1" type="stmt"/>
      <line num="14" count="3" type="stmt"/>
      <line num="29" count="9" type="stmt"/>
      <line num="53" count="1" type="stmt"/>
    </file>
    <file name="TextAreaField.tsx" path="C:\Users\muhre\OneDrive\Documents\CODE\stupen-fullstack-productzilla\task7-productzilla\src\components\TextAreaField.tsx">
      <metrics statements="3" coveredstatements="3" conditionals="5" coveredconditionals="5" methods="1" coveredmethods="1"/>
      <line num="13" count="2" type="stmt"/>
      <line num="22" count="14" type="stmt"/>
      <line num="51" count="2" type="stmt"/>
    </file>
  </project>
</coverage>
