{"C:\\Users\\muhre\\OneDrive\\Documents\\CODE\\stupen-fullstack-productzilla\\task6-productzilla\\src\\components\\Button.tsx": {"path":"C:\\Users\\muhre\\OneDrive\\Documents\\CODE\\stupen-fullstack-productzilla\\task6-productzilla\\src\\components\\Button.tsx","statementMap":{"0":{"start":{"line":9,"column":38},"end":{"line":22,"column":1}},"1":{"start":{"line":14,"column":2},"end":{"line":21,"column":4}},"2":{"start":{"line":24,"column":0},"end":{"line":24,"column":22}}},"fnMap":{"0":{"name":"(anonymous_0)","decl":{"start":{"line":9,"column":38},"end":{"line":9,"column":39}},"loc":{"start":{"line":13,"column":5},"end":{"line":22,"column":1}}}},"branchMap":{"0":{"loc":{"start":{"line":10,"column":2},"end":{"line":10,"column":17}},"type":"default-arg","locations":[{"start":{"line":10,"column":9},"end":{"line":10,"column":17}}]}},"s":{"0":2,"1":14,"2":2},"f":{"0":14},"b":{"0":[2]}}
,"C:\\Users\\muhre\\OneDrive\\Documents\\CODE\\stupen-fullstack-productzilla\\task6-productzilla\\src\\components\\ContactForm.tsx": {"path":"C:\\Users\\muhre\\OneDrive\\Documents\\CODE\\stupen-fullstack-productzilla\\task6-productzilla\\src\\components\\ContactForm.tsx","statementMap":{"0":{"start":{"line":1,"column":0},"end":{"line":1,"column":40}},"1":{"start":{"line":2,"column":0},"end":{"line":2,"column":36}},"2":{"start":{"line":3,"column":0},"end":{"line":3,"column":42}},"3":{"start":{"line":4,"column":0},"end":{"line":4,"column":38}},"4":{"start":{"line":5,"column":0},"end":{"line":5,"column":44}},"5":{"start":{"line":17,"column":44},"end":{"line":115,"column":1}},"6":{"start":{"line":18,"column":34},"end":{"line":22,"column":4}},"7":{"start":{"line":24,"column":30},"end":{"line":24,"column":68}},"8":{"start":{"line":26,"column":23},"end":{"line":32,"column":3}},"9":{"start":{"line":29,"column":28},"end":{"line":29,"column":36}},"10":{"start":{"line":30,"column":4},"end":{"line":30,"column":56}},"11":{"start":{"line":30,"column":26},"end":{"line":30,"column":54}},"12":{"start":{"line":31,"column":4},"end":{"line":31,"column":51}},"13":{"start":{"line":31,"column":24},"end":{"line":31,"column":49}},"14":{"start":{"line":34,"column":23},"end":{"line":52,"column":3}},"15":{"start":{"line":35,"column":48},"end":{"line":35,"column":50}},"16":{"start":{"line":36,"column":4},"end":{"line":40,"column":5}},"17":{"start":{"line":37,"column":6},"end":{"line":37,"column":44}},"18":{"start":{"line":38,"column":11},"end":{"line":40,"column":5}},"19":{"start":{"line":39,"column":6},"end":{"line":39,"column":43}},"20":{"start":{"line":42,"column":4},"end":{"line":44,"column":5}},"21":{"start":{"line":43,"column":6},"end":{"line":43,"column":48}},"22":{"start":{"line":46,"column":4},"end":{"line":48,"column":5}},"23":{"start":{"line":47,"column":6},"end":{"line":47,"column":48}},"24":{"start":{"line":50,"column":4},"end":{"line":50,"column":25}},"25":{"start":{"line":51,"column":4},"end":{"line":51,"column":47}},"26":{"start":{"line":54,"column":23},"end":{"line":60,"column":3}},"27":{"start":{"line":55,"column":4},"end":{"line":55,"column":23}},"28":{"start":{"line":56,"column":4},"end":{"line":59,"column":5}},"29":{"start":{"line":57,"column":6},"end":{"line":57,"column":25}},"30":{"start":{"line":58,"column":6},"end":{"line":58,"column":59}},"31":{"start":{"line":62,"column":2},"end":{"line":114,"column":4}},"32":{"start":{"line":117,"column":0},"end":{"line":117,"column":27}}},"fnMap":{"0":{"name":"(anonymous_1)","decl":{"start":{"line":17,"column":44},"end":{"line":17,"column":45}},"loc":{"start":{"line":17,"column":61},"end":{"line":115,"column":1}}},"1":{"name":"(anonymous_2)","decl":{"start":{"line":26,"column":23},"end":{"line":26,"column":null}},"loc":{"start":{"line":28,"column":6},"end":{"line":32,"column":3}}},"2":{"name":"(anonymous_3)","decl":{"start":{"line":30,"column":16},"end":{"line":30,"column":17}},"loc":{"start":{"line":30,"column":26},"end":{"line":30,"column":54}}},"3":{"name":"(anonymous_4)","decl":{"start":{"line":31,"column":14},"end":{"line":31,"column":15}},"loc":{"start":{"line":31,"column":24},"end":{"line":31,"column":49}}},"4":{"name":"(anonymous_5)","decl":{"start":{"line":34,"column":23},"end":{"line":34,"column":26}},"loc":{"start":{"line":34,"column":28},"end":{"line":52,"column":3}}},"5":{"name":"(anonymous_6)","decl":{"start":{"line":54,"column":23},"end":{"line":54,"column":24}},"loc":{"start":{"line":54,"column":63},"end":{"line":60,"column":3}}}},"branchMap":{"0":{"loc":{"start":{"line":36,"column":4},"end":{"line":40,"column":5}},"type":"if","locations":[{"start":{"line":36,"column":4},"end":{"line":40,"column":5}},{"start":{"line":38,"column":11},"end":{"line":40,"column":5}}]},"1":{"loc":{"start":{"line":38,"column":11},"end":{"line":40,"column":5}},"type":"if","locations":[{"start":{"line":38,"column":11},"end":{"line":40,"column":5}}]},"2":{"loc":{"start":{"line":42,"column":4},"end":{"line":44,"column":5}},"type":"if","locations":[{"start":{"line":42,"column":4},"end":{"line":44,"column":5}}]},"3":{"loc":{"start":{"line":46,"column":4},"end":{"line":48,"column":5}},"type":"if","locations":[{"start":{"line":46,"column":4},"end":{"line":48,"column":5}}]},"4":{"loc":{"start":{"line":56,"column":4},"end":{"line":59,"column":5}},"type":"if","locations":[{"start":{"line":56,"column":4},"end":{"line":59,"column":5}}]},"5":{"loc":{"start":{"line":73,"column":7},"end":{"line":76,"column":null}},"type":"binary-expr","locations":[{"start":{"line":73,"column":7},"end":{"line":73,"column":19}},{"start":{"line":74,"column":8},"end":{"line":75,"column":null}}]},"6":{"loc":{"start":{"line":88,"column":7},"end":{"line":91,"column":null}},"type":"binary-expr","locations":[{"start":{"line":88,"column":7},"end":{"line":88,"column":21}},{"start":{"line":89,"column":8},"end":{"line":90,"column":null}}]},"7":{"loc":{"start":{"line":103,"column":7},"end":{"line":106,"column":null}},"type":"binary-expr","locations":[{"start":{"line":103,"column":7},"end":{"line":103,"column":21}},{"start":{"line":104,"column":8},"end":{"line":105,"column":null}}]}},"s":{"0":1,"1":1,"2":1,"3":1,"4":1,"5":1,"6":11,"7":11,"8":11,"9":6,"10":6,"11":6,"12":6,"13":6,"14":11,"15":2,"16":2,"17":0,"18":2,"19":0,"20":2,"21":0,"22":2,"23":0,"24":2,"25":2,"26":11,"27":2,"28":2,"29":2,"30":2,"31":11,"32":1},"f":{"0":11,"1":6,"2":6,"3":6,"4":2,"5":2},"b":{"0":[0,2],"1":[0],"2":[0],"3":[0],"4":[2],"5":[11,0],"6":[11,0],"7":[11,0]}}
,"C:\\Users\\muhre\\OneDrive\\Documents\\CODE\\stupen-fullstack-productzilla\\task6-productzilla\\src\\components\\DarkModeToggle.tsx": {"path":"C:\\Users\\muhre\\OneDrive\\Documents\\CODE\\stupen-fullstack-productzilla\\task6-productzilla\\src\\components\\DarkModeToggle.tsx","statementMap":{"0":{"start":{"line":1,"column":0},"end":{"line":1,"column":41}},"1":{"start":{"line":2,"column":0},"end":{"line":2,"column":51}},"2":{"start":{"line":4,"column":33},"end":{"line":24,"column":1}},"3":{"start":{"line":5,"column":38},"end":{"line":5,"column":53}},"4":{"start":{"line":7,"column":2},"end":{"line":13,"column":19}},"5":{"start":{"line":8,"column":4},"end":{"line":12,"column":5}},"6":{"start":{"line":9,"column":6},"end":{"line":9,"column":53}},"7":{"start":{"line":11,"column":6},"end":{"line":11,"column":56}},"8":{"start":{"line":15,"column":31},"end":{"line":17,"column":3}},"9":{"start":{"line":16,"column":4},"end":{"line":16,"column":31}},"10":{"start":{"line":19,"column":2},"end":{"line":23,"column":4}},"11":{"start":{"line":26,"column":0},"end":{"line":26,"column":30}}},"fnMap":{"0":{"name":"(anonymous_0)","decl":{"start":{"line":4,"column":33},"end":{"line":4,"column":36}},"loc":{"start":{"line":4,"column":38},"end":{"line":24,"column":1}}},"1":{"name":"(anonymous_1)","decl":{"start":{"line":7,"column":12},"end":{"line":7,"column":15}},"loc":{"start":{"line":7,"column":17},"end":{"line":13,"column":3}}},"2":{"name":"(anonymous_2)","decl":{"start":{"line":15,"column":31},"end":{"line":15,"column":34}},"loc":{"start":{"line":15,"column":36},"end":{"line":17,"column":3}}}},"branchMap":{"0":{"loc":{"start":{"line":8,"column":4},"end":{"line":12,"column":5}},"type":"if","locations":[{"start":{"line":8,"column":4},"end":{"line":12,"column":5}},{"start":{"line":10,"column":11},"end":{"line":12,"column":5}}]},"1":{"loc":{"start":{"line":21,"column":7},"end":{"line":21,"column":52}},"type":"cond-expr","locations":[{"start":{"line":21,"column":20},"end":{"line":21,"column":42}},{"start":{"line":21,"column":45},"end":{"line":21,"column":52}}]}},"s":{"0":2,"1":2,"2":2,"3":9,"4":9,"5":8,"6":2,"7":6,"8":9,"9":3,"10":9,"11":2},"f":{"0":9,"1":8,"2":3},"b":{"0":[2,6],"1":[2,7]}}
,"C:\\Users\\muhre\\OneDrive\\Documents\\CODE\\stupen-fullstack-productzilla\\task6-productzilla\\src\\components\\Footer.tsx": {"path":"C:\\Users\\muhre\\OneDrive\\Documents\\CODE\\stupen-fullstack-productzilla\\task6-productzilla\\src\\components\\Footer.tsx","statementMap":{"0":{"start":{"line":1,"column":0},"end":{"line":1,"column":59}},"1":{"start":{"line":3,"column":0},"end":{"line":3,"column":48}},"2":{"start":{"line":5,"column":25},"end":{"line":42,"column":1}},"3":{"start":{"line":6,"column":22},"end":{"line":6,"column":46}},"4":{"start":{"line":8,"column":2},"end":{"line":41,"column":4}},"5":{"start":{"line":44,"column":0},"end":{"line":44,"column":22}}},"fnMap":{"0":{"name":"(anonymous_1)","decl":{"start":{"line":5,"column":25},"end":{"line":5,"column":28}},"loc":{"start":{"line":5,"column":30},"end":{"line":42,"column":1}}}},"branchMap":{},"s":{"0":1,"1":1,"2":1,"3":1,"4":1,"5":1},"f":{"0":1},"b":{}}
,"C:\\Users\\muhre\\OneDrive\\Documents\\CODE\\stupen-fullstack-productzilla\\task6-productzilla\\src\\components\\InputField.tsx": {"path":"C:\\Users\\muhre\\OneDrive\\Documents\\CODE\\stupen-fullstack-productzilla\\task6-productzilla\\src\\components\\InputField.tsx","statementMap":{"0":{"start":{"line":13,"column":46},"end":{"line":49,"column":1}},"1":{"start":{"line":22,"column":2},"end":{"line":48,"column":4}},"2":{"start":{"line":51,"column":0},"end":{"line":51,"column":26}}},"fnMap":{"0":{"name":"(anonymous_0)","decl":{"start":{"line":13,"column":46},"end":{"line":13,"column":47}},"loc":{"start":{"line":21,"column":5},"end":{"line":49,"column":1}}}},"branchMap":{"0":{"loc":{"start":{"line":39,"column":10},"end":{"line":39,"column":null}},"type":"cond-expr","locations":[{"start":{"line":39,"column":18},"end":{"line":39,"column":34}},{"start":{"line":39,"column":37},"end":{"line":39,"column":null}}]},"1":{"loc":{"start":{"line":42,"column":7},"end":{"line":45,"column":null}},"type":"binary-expr","locations":[{"start":{"line":42,"column":7},"end":{"line":42,"column":12}},{"start":{"line":43,"column":8},"end":{"line":44,"column":null}}]}},"s":{"0":2,"1":25,"2":2},"f":{"0":25},"b":{"0":[1,24],"1":[25,1]}}
,"C:\\Users\\muhre\\OneDrive\\Documents\\CODE\\stupen-fullstack-productzilla\\task6-productzilla\\src\\components\\LinkSocialMedia.tsx": {"path":"C:\\Users\\muhre\\OneDrive\\Documents\\CODE\\stupen-fullstack-productzilla\\task6-productzilla\\src\\components\\LinkSocialMedia.tsx","statementMap":{"0":{"start":{"line":1,"column":0},"end":{"line":1,"column":40}},"1":{"start":{"line":7,"column":56},"end":{"line":22,"column":1}},"2":{"start":{"line":11,"column":2},"end":{"line":21,"column":4}},"3":{"start":{"line":24,"column":0},"end":{"line":24,"column":31}}},"fnMap":{"0":{"name":"(anonymous_0)","decl":{"start":{"line":7,"column":56},"end":{"line":7,"column":57}},"loc":{"start":{"line":10,"column":27},"end":{"line":22,"column":1}}}},"branchMap":{},"s":{"0":2,"1":2,"2":5,"3":2},"f":{"0":5},"b":{}}
,"C:\\Users\\muhre\\OneDrive\\Documents\\CODE\\stupen-fullstack-productzilla\\task6-productzilla\\src\\components\\Navbar.tsx": {"path":"C:\\Users\\muhre\\OneDrive\\Documents\\CODE\\stupen-fullstack-productzilla\\task6-productzilla\\src\\components\\Navbar.tsx","statementMap":{"0":{"start":{"line":1,"column":0},"end":{"line":1,"column":40}},"1":{"start":{"line":2,"column":0},"end":{"line":2,"column":40}},"2":{"start":{"line":3,"column":0},"end":{"line":3,"column":46}},"3":{"start":{"line":5,"column":25},"end":{"line":92,"column":1}},"4":{"start":{"line":6,"column":30},"end":{"line":6,"column":45}},"5":{"start":{"line":8,"column":21},"end":{"line":10,"column":3}},"6":{"start":{"line":9,"column":4},"end":{"line":9,"column":23}},"7":{"start":{"line":12,"column":2},"end":{"line":91,"column":4}},"8":{"start":{"line":94,"column":0},"end":{"line":94,"column":22}}},"fnMap":{"0":{"name":"(anonymous_1)","decl":{"start":{"line":5,"column":25},"end":{"line":5,"column":28}},"loc":{"start":{"line":5,"column":30},"end":{"line":92,"column":1}}},"1":{"name":"(anonymous_2)","decl":{"start":{"line":8,"column":21},"end":{"line":8,"column":24}},"loc":{"start":{"line":8,"column":26},"end":{"line":10,"column":3}}}},"branchMap":{"0":{"loc":{"start":{"line":49,"column":24},"end":{"line":49,"column":51}},"type":"cond-expr","locations":[{"start":{"line":49,"column":33},"end":{"line":49,"column":40}},{"start":{"line":49,"column":43},"end":{"line":49,"column":51}}]},"1":{"loc":{"start":{"line":80,"column":16},"end":{"line":82,"column":22}},"type":"cond-expr","locations":[{"start":{"line":81,"column":20},"end":{"line":81,"column":77}},{"start":{"line":82,"column":20},"end":{"line":82,"column":22}}]}},"s":{"0":1,"1":1,"2":1,"3":1,"4":3,"5":3,"6":1,"7":3,"8":1},"f":{"0":3,"1":1},"b":{"0":[1,2],"1":[1,2]}}
,"C:\\Users\\muhre\\OneDrive\\Documents\\CODE\\stupen-fullstack-productzilla\\task6-productzilla\\src\\components\\ProjectList.tsx": {"path":"C:\\Users\\muhre\\OneDrive\\Documents\\CODE\\stupen-fullstack-productzilla\\task6-productzilla\\src\\components\\ProjectList.tsx","statementMap":{"0":{"start":{"line":1,"column":0},"end":{"line":1,"column":38}},"1":{"start":{"line":2,"column":0},"end":{"line":2,"column":40}},"2":{"start":{"line":13,"column":52},"end":{"line":50,"column":null}},"3":{"start":{"line":14,"column":2},"end":{"line":49,"column":null}},"4":{"start":{"line":29,"column":10},"end":{"line":30,"column":null}},"5":{"start":{"line":53,"column":0},"end":{"line":53,"column":27}}},"fnMap":{"0":{"name":"(anonymous_0)","decl":{"start":{"line":13,"column":52},"end":{"line":13,"column":53}},"loc":{"start":{"line":14,"column":2},"end":{"line":49,"column":null}}},"1":{"name":"(anonymous_1)","decl":{"start":{"line":28,"column":34},"end":{"line":28,"column":35}},"loc":{"start":{"line":29,"column":10},"end":{"line":30,"column":null}}}},"branchMap":{},"s":{"0":1,"1":1,"2":1,"3":3,"4":9,"5":1},"f":{"0":3,"1":9},"b":{}}
,"C:\\Users\\muhre\\OneDrive\\Documents\\CODE\\stupen-fullstack-productzilla\\task6-productzilla\\src\\components\\TextAreaField.tsx": {"path":"C:\\Users\\muhre\\OneDrive\\Documents\\CODE\\stupen-fullstack-productzilla\\task6-productzilla\\src\\components\\TextAreaField.tsx","statementMap":{"0":{"start":{"line":13,"column":52},"end":{"line":49,"column":1}},"1":{"start":{"line":22,"column":2},"end":{"line":48,"column":4}},"2":{"start":{"line":51,"column":0},"end":{"line":51,"column":29}}},"fnMap":{"0":{"name":"(anonymous_0)","decl":{"start":{"line":13,"column":52},"end":{"line":13,"column":53}},"loc":{"start":{"line":21,"column":5},"end":{"line":49,"column":1}}}},"branchMap":{"0":{"loc":{"start":{"line":20,"column":2},"end":{"line":20,"column":10}},"type":"default-arg","locations":[{"start":{"line":20,"column":9},"end":{"line":20,"column":10}}]},"1":{"loc":{"start":{"line":39,"column":10},"end":{"line":39,"column":null}},"type":"cond-expr","locations":[{"start":{"line":39,"column":18},"end":{"line":39,"column":34}},{"start":{"line":39,"column":37},"end":{"line":39,"column":null}}]},"2":{"loc":{"start":{"line":42,"column":7},"end":{"line":45,"column":null}},"type":"binary-expr","locations":[{"start":{"line":42,"column":7},"end":{"line":42,"column":12}},{"start":{"line":43,"column":8},"end":{"line":44,"column":null}}]}},"s":{"0":2,"1":14,"2":2},"f":{"0":14},"b":{"0":[3],"1":[1,13],"2":[14,1]}}
}
