TN:
SF:src\components\Button.tsx
FN:9,(anonymous_0)
FNF:1
FNH:1
FNDA:14,(anonymous_0)
DA:9,2
DA:14,14
DA:24,2
LF:3
LH:3
BRDA:10,0,0,2
BRF:1
BRH:1
end_of_record
TN:
SF:src\components\ContactForm.tsx
FN:17,(anonymous_1)
FN:26,(anonymous_2)
FN:30,(anonymous_3)
FN:31,(anonymous_4)
FN:34,(anonymous_5)
FN:54,(anonymous_6)
FNF:6
FNH:6
FNDA:11,(anonymous_1)
FNDA:6,(anonymous_2)
FNDA:6,(anonymous_3)
FNDA:6,(anonymous_4)
FNDA:2,(anonymous_5)
FNDA:2,(anonymous_6)
DA:1,1
DA:2,1
DA:3,1
DA:4,1
DA:5,1
DA:17,1
DA:18,11
DA:24,11
DA:26,11
DA:29,6
DA:30,6
DA:31,6
DA:34,11
DA:35,2
DA:36,2
DA:37,0
DA:38,2
DA:39,0
DA:42,2
DA:43,0
DA:46,2
DA:47,0
DA:50,2
DA:51,2
DA:54,11
DA:55,2
DA:56,2
DA:57,2
DA:58,2
DA:62,11
DA:117,1
LF:31
LH:27
BRDA:36,0,0,0
BRDA:36,0,1,2
BRDA:38,1,0,0
BRDA:42,2,0,0
BRDA:46,3,0,0
BRDA:56,4,0,2
BRDA:73,5,0,11
BRDA:73,5,1,0
BRDA:88,6,0,11
BRDA:88,6,1,0
BRDA:103,7,0,11
BRDA:103,7,1,0
BRF:12
BRH:5
end_of_record
TN:
SF:src\components\DarkModeToggle.tsx
FN:4,(anonymous_0)
FN:7,(anonymous_1)
FN:15,(anonymous_2)
FNF:3
FNH:3
FNDA:9,(anonymous_0)
FNDA:8,(anonymous_1)
FNDA:3,(anonymous_2)
DA:1,2
DA:2,2
DA:4,2
DA:5,9
DA:7,9
DA:8,8
DA:9,2
DA:11,6
DA:15,9
DA:16,3
DA:19,9
DA:26,2
LF:12
LH:12
BRDA:8,0,0,2
BRDA:8,0,1,6
BRDA:21,1,0,2
BRDA:21,1,1,7
BRF:4
BRH:4
end_of_record
TN:
SF:src\components\Footer.tsx
FN:5,(anonymous_1)
FNF:1
FNH:1
FNDA:1,(anonymous_1)
DA:1,1
DA:3,1
DA:5,1
DA:6,1
DA:8,1
DA:44,1
LF:6
LH:6
BRF:0
BRH:0
end_of_record
TN:
SF:src\components\InputField.tsx
FN:13,(anonymous_0)
FNF:1
FNH:1
FNDA:25,(anonymous_0)
DA:13,2
DA:22,25
DA:51,2
LF:3
LH:3
BRDA:39,0,0,1
BRDA:39,0,1,24
BRDA:42,1,0,25
BRDA:42,1,1,1
BRF:4
BRH:4
end_of_record
TN:
SF:src\components\LinkSocialMedia.tsx
FN:7,(anonymous_0)
FNF:1
FNH:1
FNDA:5,(anonymous_0)
DA:1,2
DA:7,2
DA:11,5
DA:24,2
LF:4
LH:4
BRF:0
BRH:0
end_of_record
TN:
SF:src\components\Navbar.tsx
FN:5,(anonymous_1)
FN:8,(anonymous_2)
FNF:2
FNH:2
FNDA:3,(anonymous_1)
FNDA:1,(anonymous_2)
DA:1,1
DA:2,1
DA:3,1
DA:5,1
DA:6,3
DA:8,3
DA:9,1
DA:12,3
DA:94,1
LF:9
LH:9
BRDA:49,0,0,1
BRDA:49,0,1,2
BRDA:80,1,0,1
BRDA:80,1,1,2
BRF:4
BRH:4
end_of_record
TN:
SF:src\components\ProjectList.tsx
FN:13,(anonymous_0)
FN:28,(anonymous_1)
FNF:2
FNH:2
FNDA:3,(anonymous_0)
FNDA:9,(anonymous_1)
DA:1,1
DA:2,1
DA:13,1
DA:14,3
DA:29,9
DA:53,1
LF:6
LH:6
BRF:0
BRH:0
end_of_record
TN:
SF:src\components\TextAreaField.tsx
FN:13,(anonymous_0)
FNF:1
FNH:1
FNDA:14,(anonymous_0)
DA:13,2
DA:22,14
DA:51,2
LF:3
LH:3
BRDA:20,0,0,3
BRDA:39,1,0,1
BRDA:39,1,1,13
BRDA:42,2,0,14
BRDA:42,2,1,1
BRF:5
BRH:5
end_of_record
